2025-11-13 04:04:37 | PDOException: SQLSTATE[23503]: Foreign key violation: 7 ERROR:  update or delete on table "syllabus_templates" violates foreign key constraint "fk_tpl_source" on table "syllabus_templates"
DETAIL:  Key (template_id)=(2) is still referenced from table "syllabus_templates".
#0 C:\xampp\htdocs\MindCloud-SCMS\app\Modules\SyllabusTemplates\Controllers\SyllabusTemplatesController.php(798): PDOStatement->execute(Array)
#1 C:\xampp\htdocs\MindCloud-SCMS\app\Controllers\AppShellController.php(158): App\Modules\SyllabusTemplates\Controllers\SyllabusTemplatesController->delete()
#2 C:\xampp\htdocs\MindCloud-SCMS\Router\router.php(105): App\Controllers\AppShellController->render('syllabus-templa...')
#3 C:\xampp\htdocs\MindCloud-SCMS\app\bootstrap.php(116): route('/MindCloud-SCMS...', Object(App\Models\Postgres), 'POST')
#4 C:\xampp\htdocs\MindCloud-SCMS\public\index.php(7): require_once('C:\\xampp\\htdocs...')
#5 {main}

2025-11-13 04:05:30 | PDOException: SQLSTATE[23503]: Foreign key violation: 7 ERROR:  update or delete on table "syllabus_templates" violates foreign key constraint "fk_tpl_source" on table "syllabus_templates"
DETAIL:  Key (template_id)=(2) is still referenced from table "syllabus_templates".
#0 C:\xampp\htdocs\MindCloud-SCMS\app\Modules\SyllabusTemplates\Controllers\SyllabusTemplatesController.php(798): PDOStatement->execute(Array)
#1 C:\xampp\htdocs\MindCloud-SCMS\app\Controllers\AppShellController.php(158): App\Modules\SyllabusTemplates\Controllers\SyllabusTemplatesController->delete()
#2 C:\xampp\htdocs\MindCloud-SCMS\Router\router.php(105): App\Controllers\AppShellController->render('syllabus-templa...')
#3 C:\xampp\htdocs\MindCloud-SCMS\app\bootstrap.php(116): route('/MindCloud-SCMS...', Object(App\Models\Postgres), 'POST')
#4 C:\xampp\htdocs\MindCloud-SCMS\public\index.php(7): require_once('C:\\xampp\\htdocs...')
#5 {main}

2025-11-13 04:05:41 | PDOException: SQLSTATE[23503]: Foreign key violation: 7 ERROR:  update or delete on table "syllabus_templates" violates foreign key constraint "fk_tpl_source" on table "syllabus_templates"
DETAIL:  Key (template_id)=(2) is still referenced from table "syllabus_templates".
#0 C:\xampp\htdocs\MindCloud-SCMS\app\Modules\SyllabusTemplates\Controllers\SyllabusTemplatesController.php(798): PDOStatement->execute(Array)
#1 C:\xampp\htdocs\MindCloud-SCMS\app\Controllers\AppShellController.php(158): App\Modules\SyllabusTemplates\Controllers\SyllabusTemplatesController->delete()
#2 C:\xampp\htdocs\MindCloud-SCMS\Router\router.php(105): App\Controllers\AppShellController->render('syllabus-templa...')
#3 C:\xampp\htdocs\MindCloud-SCMS\app\bootstrap.php(116): route('/MindCloud-SCMS...', Object(App\Models\Postgres), 'POST')
#4 C:\xampp\htdocs\MindCloud-SCMS\public\index.php(7): require_once('C:\\xampp\\htdocs...')
#5 {main}

