Array
(
    [professorId] => 2025-01-60001
    [syllabi] => Array
        (
            [0] => Array
                (
                    [syllabus_id] => 4
                    [title] => Game Dev
                    [filename] => 
                    [version] => 
                    [status] => archived
                    [college_id] => 1
                    [college_short_name] => CCS
                    [college_name] => College of Information Technology and Computer Science
                    [course_id] => 4
                    [course_code] => BSCS01C
                    [course_name] => Artificial Intelligence
                    [program_names] => {"Information Technology"}
                    [program_ids] => {1}
                    [rep_program_id] => 1
                    [rep_program_name] => Information Technology
                    [updated_at] => 2025-11-28 14:10:14.358687
                )

            [1] => Array
                (
                    [syllabus_id] => 1
                    [title] => LVT
                    [filename] => 
                    [version] => 
                    [status] => draft
                    [college_id] => 1
                    [college_short_name] => CCS
                    [college_name] => College of Information Technology and Computer Science
                    [course_id] => 1
                    [course_code] => LVTN01G
                    [course_name] => Living in the IT Era
                    [program_names] => {"Computer Science","Information Technology"}
                    [program_ids] => {1,2}
                    [rep_program_id] => 1
                    [rep_program_name] => Information Technology
                    [updated_at] => 2025-11-26 14:58:05.066412
                )

        )

    [accordions] => Array
        (
            [0] => Array
                (
                    [key] => professor
                    [label] => My Assigned Syllabi
                    [syllabi] => Array
                        (
                            [0] => Array
                                (
                                    [syllabus_id] => 4
                                    [title] => Game Dev
                                    [filename] => 
                                    [version] => 
                                    [status] => archived
                                    [college_id] => 1
                                    [college_short_name] => CCS
                                    [college_name] => College of Information Technology and Computer Science
                                    [course_id] => 4
                                    [course_code] => BSCS01C
                                    [course_name] => Artificial Intelligence
                                    [program_names] => {"Information Technology"}
                                    [program_ids] => {1}
                                    [rep_program_id] => 1
                                    [rep_program_name] => Information Technology
                                    [updated_at] => 2025-11-28 14:10:14.358687
                                )

                            [1] => Array
                                (
                                    [syllabus_id] => 1
                                    [title] => LVT
                                    [filename] => 
                                    [version] => 
                                    [status] => draft
                                    [college_id] => 1
                                    [college_short_name] => CCS
                                    [college_name] => College of Information Technology and Computer Science
                                    [course_id] => 1
                                    [course_code] => LVTN01G
                                    [course_name] => Living in the IT Era
                                    [program_names] => {"Computer Science","Information Technology"}
                                    [program_ids] => {1,2}
                                    [rep_program_id] => 1
                                    [rep_program_name] => Information Technology
                                    [updated_at] => 2025-11-26 14:58:05.066412
                                )

                        )

                )

        )

    [user] => Array
        (
            [id_no] => 2025-01-60001
            [fname] => Cyril
            [mname] => F
            [lname] => Pastor
            [role_id] => 7
            [role_name] => Professor
            [department_id] => 1
            [department_short_name] => CCS
            [department_name] => College of Information Technology and Computer Science
            [department_is_college] => 1
            [college_id] => 1
            [college_short_name] => CCS
            [college_name] => College of Information Technology and Computer Science
            [program_id] => 
        )

)
Array
(
    [professorId] => 2025-01-60001
    [syllabi] => Array
        (
            [0] => Array
                (
                    [syllabus_id] => 4
                    [title] => Game Dev
                    [filename] => 
                    [version] => 
                    [status] => archived
                    [college_id] => 1
                    [college_short_name] => CCS
                    [college_name] => College of Information Technology and Computer Science
                    [course_id] => 4
                    [course_code] => BSCS01C
                    [course_name] => Artificial Intelligence
                    [program_names] => {"Information Technology"}
                    [program_ids] => {1}
                    [rep_program_id] => 1
                    [rep_program_name] => Information Technology
                    [updated_at] => 2025-11-28 14:10:14.358687
                )

            [1] => Array
                (
                    [syllabus_id] => 1
                    [title] => LVT
                    [filename] => 
                    [version] => 
                    [status] => draft
                    [college_id] => 1
                    [college_short_name] => CCS
                    [college_name] => College of Information Technology and Computer Science
                    [course_id] => 1
                    [course_code] => LVTN01G
                    [course_name] => Living in the IT Era
                    [program_names] => {"Computer Science","Information Technology"}
                    [program_ids] => {1,2}
                    [rep_program_id] => 1
                    [rep_program_name] => Information Technology
                    [updated_at] => 2025-11-26 14:58:05.066412
                )

        )

    [accordions] => Array
        (
            [0] => Array
                (
                    [key] => professor
                    [label] => My Assigned Syllabi
                    [syllabi] => Array
                        (
                            [0] => Array
                                (
                                    [syllabus_id] => 4
                                    [title] => Game Dev
                                    [filename] => 
                                    [version] => 
                                    [status] => archived
                                    [college_id] => 1
                                    [college_short_name] => CCS
                                    [college_name] => College of Information Technology and Computer Science
                                    [course_id] => 4
                                    [course_code] => BSCS01C
                                    [course_name] => Artificial Intelligence
                                    [program_names] => {"Information Technology"}
                                    [program_ids] => {1}
                                    [rep_program_id] => 1
                                    [rep_program_name] => Information Technology
                                    [updated_at] => 2025-11-28 14:10:14.358687
                                )

                            [1] => Array
                                (
                                    [syllabus_id] => 1
                                    [title] => LVT
                                    [filename] => 
                                    [version] => 
                                    [status] => draft
                                    [college_id] => 1
                                    [college_short_name] => CCS
                                    [college_name] => College of Information Technology and Computer Science
                                    [course_id] => 1
                                    [course_code] => LVTN01G
                                    [course_name] => Living in the IT Era
                                    [program_names] => {"Computer Science","Information Technology"}
                                    [program_ids] => {1,2}
                                    [rep_program_id] => 1
                                    [rep_program_name] => Information Technology
                                    [updated_at] => 2025-11-26 14:58:05.066412
                                )

                        )

                )

        )

    [user] => Array
        (
            [id_no] => 2025-01-60001
            [fname] => Cyril
            [mname] => F
            [lname] => Pastor
            [role_id] => 7
            [role_name] => Professor
            [department_id] => 1
            [department_short_name] => CCS
            [department_name] => College of Information Technology and Computer Science
            [department_is_college] => 1
            [college_id] => 1
            [college_short_name] => CCS
            [college_name] => College of Information Technology and Computer Science
            [program_id] => 
        )

)
Array
(
    [professorId] => 2025-01-60001
    [syllabi] => Array
        (
            [0] => Array
                (
                    [syllabus_id] => 4
                    [title] => Game Dev
                    [filename] => 
                    [version] => 
                    [status] => archived
                    [college_id] => 1
                    [college_short_name] => CCS
                    [college_name] => College of Information Technology and Computer Science
                    [course_id] => 4
                    [course_code] => BSCS01C
                    [course_name] => Artificial Intelligence
                    [program_names] => {"Information Technology"}
                    [program_ids] => {1}
                    [rep_program_id] => 1
                    [rep_program_name] => Information Technology
                    [updated_at] => 2025-11-28 14:10:14.358687
                )

            [1] => Array
                (
                    [syllabus_id] => 1
                    [title] => LVT
                    [filename] => 
                    [version] => 
                    [status] => draft
                    [college_id] => 1
                    [college_short_name] => CCS
                    [college_name] => College of Information Technology and Computer Science
                    [course_id] => 1
                    [course_code] => LVTN01G
                    [course_name] => Living in the IT Era
                    [program_names] => {"Computer Science","Information Technology"}
                    [program_ids] => {1,2}
                    [rep_program_id] => 1
                    [rep_program_name] => Information Technology
                    [updated_at] => 2025-11-26 14:58:05.066412
                )

        )

    [accordions] => Array
        (
            [0] => Array
                (
                    [key] => general
                    [label] => My Assigned Syllabi
                    [syllabi] => Array
                        (
                            [0] => Array
                                (
                                    [syllabus_id] => 4
                                    [title] => Game Dev
                                    [filename] => 
                                    [version] => 
                                    [status] => archived
                                    [college_id] => 1
                                    [college_short_name] => CCS
                                    [college_name] => College of Information Technology and Computer Science
                                    [course_id] => 4
                                    [course_code] => BSCS01C
                                    [course_name] => Artificial Intelligence
                                    [program_names] => {"Information Technology"}
                                    [program_ids] => {1}
                                    [rep_program_id] => 1
                                    [rep_program_name] => Information Technology
                                    [updated_at] => 2025-11-28 14:10:14.358687
                                )

                            [1] => Array
                                (
                                    [syllabus_id] => 1
                                    [title] => LVT
                                    [filename] => 
                                    [version] => 
                                    [status] => draft
                                    [college_id] => 1
                                    [college_short_name] => CCS
                                    [college_name] => College of Information Technology and Computer Science
                                    [course_id] => 1
                                    [course_code] => LVTN01G
                                    [course_name] => Living in the IT Era
                                    [program_names] => {"Computer Science","Information Technology"}
                                    [program_ids] => {1,2}
                                    [rep_program_id] => 1
                                    [rep_program_name] => Information Technology
                                    [updated_at] => 2025-11-26 14:58:05.066412
                                )

                        )

                )

        )

    [user] => Array
        (
            [id_no] => 2025-01-60001
            [fname] => Cyril
            [mname] => F
            [lname] => Pastor
            [role_id] => 7
            [role_name] => Professor
            [department_id] => 1
            [department_short_name] => CCS
            [department_name] => College of Information Technology and Computer Science
            [department_is_college] => 1
            [college_id] => 1
            [college_short_name] => CCS
            [college_name] => College of Information Technology and Computer Science
            [program_id] => 
        )

)
Array
(
    [professorId] => 2025-01-60001
    [syllabi] => Array
        (
            [0] => Array
                (
                    [syllabus_id] => 4
                    [title] => Game Dev
                    [filename] => 
                    [version] => 
                    [status] => archived
                    [college_id] => 1
                    [college_short_name] => CCS
                    [college_name] => College of Information Technology and Computer Science
                    [course_id] => 4
                    [course_code] => BSCS01C
                    [course_name] => Artificial Intelligence
                    [program_names] => {"Information Technology"}
                    [program_ids] => {1}
                    [rep_program_id] => 1
                    [rep_program_name] => Information Technology
                    [updated_at] => 2025-11-28 14:10:14.358687
                )

            [1] => Array
                (
                    [syllabus_id] => 1
                    [title] => LVT
                    [filename] => 
                    [version] => 
                    [status] => draft
                    [college_id] => 1
                    [college_short_name] => CCS
                    [college_name] => College of Information Technology and Computer Science
                    [course_id] => 1
                    [course_code] => LVTN01G
                    [course_name] => Living in the IT Era
                    [program_names] => {"Computer Science","Information Technology"}
                    [program_ids] => {1,2}
                    [rep_program_id] => 1
                    [rep_program_name] => Information Technology
                    [updated_at] => 2025-11-26 14:58:05.066412
                )

        )

    [accordions] => Array
        (
            [0] => Array
                (
                    [key] => general
                    [label] => My Assigned Syllabi
                    [syllabi] => Array
                        (
                            [0] => Array
                                (
                                    [syllabus_id] => 4
                                    [title] => Game Dev
                                    [filename] => 
                                    [version] => 
                                    [status] => archived
                                    [college_id] => 1
                                    [college_short_name] => CCS
                                    [college_name] => College of Information Technology and Computer Science
                                    [course_id] => 4
                                    [course_code] => BSCS01C
                                    [course_name] => Artificial Intelligence
                                    [program_names] => {"Information Technology"}
                                    [program_ids] => {1}
                                    [rep_program_id] => 1
                                    [rep_program_name] => Information Technology
                                    [updated_at] => 2025-11-28 14:10:14.358687
                                )

                            [1] => Array
                                (
                                    [syllabus_id] => 1
                                    [title] => LVT
                                    [filename] => 
                                    [version] => 
                                    [status] => draft
                                    [college_id] => 1
                                    [college_short_name] => CCS
                                    [college_name] => College of Information Technology and Computer Science
                                    [course_id] => 1
                                    [course_code] => LVTN01G
                                    [course_name] => Living in the IT Era
                                    [program_names] => {"Computer Science","Information Technology"}
                                    [program_ids] => {1,2}
                                    [rep_program_id] => 1
                                    [rep_program_name] => Information Technology
                                    [updated_at] => 2025-11-26 14:58:05.066412
                                )

                        )

                )

        )

    [user] => Array
        (
            [id_no] => 2025-01-60001
            [fname] => Cyril
            [mname] => F
            [lname] => Pastor
            [role_id] => 7
            [role_name] => Professor
            [department_id] => 1
            [department_short_name] => CCS
            [department_name] => College of Information Technology and Computer Science
            [department_is_college] => 1
            [college_id] => 1
            [college_short_name] => CCS
            [college_name] => College of Information Technology and Computer Science
            [program_id] => 
        )

)
Array
(
    [professorId] => 2025-01-60001
    [syllabi] => Array
        (
            [0] => Array
                (
                    [syllabus_id] => 4
                    [title] => Game Dev
                    [filename] => 
                    [version] => 
                    [status] => archived
                    [college_id] => 1
                    [college_short_name] => CCS
                    [college_name] => College of Information Technology and Computer Science
                    [course_id] => 4
                    [course_code] => BSCS01C
                    [course_name] => Artificial Intelligence
                    [program_names] => {"Information Technology"}
                    [program_ids] => {1}
                    [rep_program_id] => 1
                    [rep_program_name] => Information Technology
                    [updated_at] => 2025-11-28 14:10:14.358687
                )

            [1] => Array
                (
                    [syllabus_id] => 1
                    [title] => LVT
                    [filename] => 
                    [version] => 
                    [status] => draft
                    [college_id] => 1
                    [college_short_name] => CCS
                    [college_name] => College of Information Technology and Computer Science
                    [course_id] => 1
                    [course_code] => LVTN01G
                    [course_name] => Living in the IT Era
                    [program_names] => {"Computer Science","Information Technology"}
                    [program_ids] => {1,2}
                    [rep_program_id] => 1
                    [rep_program_name] => Information Technology
                    [updated_at] => 2025-11-26 14:58:05.066412
                )

        )

    [accordions] => Array
        (
            [0] => Array
                (
                    [key] => general
                    [label] => My Assigned Syllabi
                    [syllabi] => Array
                        (
                            [0] => Array
                                (
                                    [syllabus_id] => 4
                                    [title] => Game Dev
                                    [filename] => 
                                    [version] => 
                                    [status] => archived
                                    [college_id] => 1
                                    [college_short_name] => CCS
                                    [college_name] => College of Information Technology and Computer Science
                                    [course_id] => 4
                                    [course_code] => BSCS01C
                                    [course_name] => Artificial Intelligence
                                    [program_names] => {"Information Technology"}
                                    [program_ids] => {1}
                                    [rep_program_id] => 1
                                    [rep_program_name] => Information Technology
                                    [updated_at] => 2025-11-28 14:10:14.358687
                                )

                            [1] => Array
                                (
                                    [syllabus_id] => 1
                                    [title] => LVT
                                    [filename] => 
                                    [version] => 
                                    [status] => draft
                                    [college_id] => 1
                                    [college_short_name] => CCS
                                    [college_name] => College of Information Technology and Computer Science
                                    [course_id] => 1
                                    [course_code] => LVTN01G
                                    [course_name] => Living in the IT Era
                                    [program_names] => {"Computer Science","Information Technology"}
                                    [program_ids] => {1,2}
                                    [rep_program_id] => 1
                                    [rep_program_name] => Information Technology
                                    [updated_at] => 2025-11-26 14:58:05.066412
                                )

                        )

                )

        )

    [user] => Array
        (
            [id_no] => 2025-01-60001
            [fname] => Cyril
            [mname] => F
            [lname] => Pastor
            [role_id] => 7
            [role_name] => Professor
            [department_id] => 1
            [department_short_name] => CCS
            [department_name] => College of Information Technology and Computer Science
            [department_is_college] => 1
            [college_id] => 1
            [college_short_name] => CCS
            [college_name] => College of Information Technology and Computer Science
            [program_id] => 
        )

)
Array
(
    [professorId] => 2025-01-60001
    [syllabi] => Array
        (
            [0] => Array
                (
                    [syllabus_id] => 4
                    [title] => Game Dev
                    [filename] => 
                    [version] => 
                    [status] => archived
                    [college_id] => 1
                    [college_short_name] => CCS
                    [college_name] => College of Information Technology and Computer Science
                    [course_id] => 4
                    [course_code] => BSCS01C
                    [course_name] => Artificial Intelligence
                    [program_names] => {"Information Technology"}
                    [program_ids] => {1}
                    [rep_program_id] => 1
                    [rep_program_name] => Information Technology
                    [updated_at] => 2025-11-28 14:10:14.358687
                )

            [1] => Array
                (
                    [syllabus_id] => 1
                    [title] => LVT
                    [filename] => 
                    [version] => 
                    [status] => draft
                    [college_id] => 1
                    [college_short_name] => CCS
                    [college_name] => College of Information Technology and Computer Science
                    [course_id] => 1
                    [course_code] => LVTN01G
                    [course_name] => Living in the IT Era
                    [program_names] => {"Computer Science","Information Technology"}
                    [program_ids] => {1,2}
                    [rep_program_id] => 1
                    [rep_program_name] => Information Technology
                    [updated_at] => 2025-11-26 14:58:05.066412
                )

        )

    [accordions] => Array
        (
            [0] => Array
                (
                    [key] => general
                    [label] => My Assigned Syllabi
                    [syllabi] => Array
                        (
                            [0] => Array
                                (
                                    [syllabus_id] => 4
                                    [title] => Game Dev
                                    [filename] => 
                                    [version] => 
                                    [status] => archived
                                    [college_id] => 1
                                    [college_short_name] => CCS
                                    [college_name] => College of Information Technology and Computer Science
                                    [course_id] => 4
                                    [course_code] => BSCS01C
                                    [course_name] => Artificial Intelligence
                                    [program_names] => {"Information Technology"}
                                    [program_ids] => {1}
                                    [rep_program_id] => 1
                                    [rep_program_name] => Information Technology
                                    [updated_at] => 2025-11-28 14:10:14.358687
                                )

                            [1] => Array
                                (
                                    [syllabus_id] => 1
                                    [title] => LVT
                                    [filename] => 
                                    [version] => 
                                    [status] => draft
                                    [college_id] => 1
                                    [college_short_name] => CCS
                                    [college_name] => College of Information Technology and Computer Science
                                    [course_id] => 1
                                    [course_code] => LVTN01G
                                    [course_name] => Living in the IT Era
                                    [program_names] => {"Computer Science","Information Technology"}
                                    [program_ids] => {1,2}
                                    [rep_program_id] => 1
                                    [rep_program_name] => Information Technology
                                    [updated_at] => 2025-11-26 14:58:05.066412
                                )

                        )

                )

        )

    [user] => Array
        (
            [id_no] => 2025-01-60001
            [fname] => Cyril
            [mname] => F
            [lname] => Pastor
            [role_id] => 7
            [role_name] => Professor
            [department_id] => 1
            [department_short_name] => CCS
            [department_name] => College of Information Technology and Computer Science
            [department_is_college] => 1
            [college_id] => 1
            [college_short_name] => CCS
            [college_name] => College of Information Technology and Computer Science
            [program_id] => 
        )

)
Array
(
    [professorId] => 2025-01-60001
    [syllabi] => Array
        (
            [0] => Array
                (
                    [syllabus_id] => 4
                    [title] => Game Dev
                    [filename] => 
                    [version] => 
                    [status] => archived
                    [college_id] => 1
                    [college_short_name] => CCS
                    [college_name] => College of Information Technology and Computer Science
                    [course_id] => 4
                    [course_code] => BSCS01C
                    [course_name] => Artificial Intelligence
                    [program_names] => {"Information Technology"}
                    [program_ids] => {1}
                    [rep_program_id] => 1
                    [rep_program_name] => Information Technology
                    [updated_at] => 2025-11-28 14:10:14.358687
                )

            [1] => Array
                (
                    [syllabus_id] => 1
                    [title] => LVT
                    [filename] => 
                    [version] => 
                    [status] => draft
                    [college_id] => 1
                    [college_short_name] => CCS
                    [college_name] => College of Information Technology and Computer Science
                    [course_id] => 1
                    [course_code] => LVTN01G
                    [course_name] => Living in the IT Era
                    [program_names] => {"Computer Science","Information Technology"}
                    [program_ids] => {1,2}
                    [rep_program_id] => 1
                    [rep_program_name] => Information Technology
                    [updated_at] => 2025-11-26 14:58:05.066412
                )

        )

    [accordions] => Array
        (
            [0] => Array
                (
                    [key] => general
                    [label] => My Assigned Syllabi
                    [syllabi] => Array
                        (
                            [0] => Array
                                (
                                    [syllabus_id] => 4
                                    [title] => Game Dev
                                    [filename] => 
                                    [version] => 
                                    [status] => archived
                                    [college_id] => 1
                                    [college_short_name] => CCS
                                    [college_name] => College of Information Technology and Computer Science
                                    [course_id] => 4
                                    [course_code] => BSCS01C
                                    [course_name] => Artificial Intelligence
                                    [program_names] => {"Information Technology"}
                                    [program_ids] => {1}
                                    [rep_program_id] => 1
                                    [rep_program_name] => Information Technology
                                    [updated_at] => 2025-11-28 14:10:14.358687
                                )

                            [1] => Array
                                (
                                    [syllabus_id] => 1
                                    [title] => LVT
                                    [filename] => 
                                    [version] => 
                                    [status] => draft
                                    [college_id] => 1
                                    [college_short_name] => CCS
                                    [college_name] => College of Information Technology and Computer Science
                                    [course_id] => 1
                                    [course_code] => LVTN01G
                                    [course_name] => Living in the IT Era
                                    [program_names] => {"Computer Science","Information Technology"}
                                    [program_ids] => {1,2}
                                    [rep_program_id] => 1
                                    [rep_program_name] => Information Technology
                                    [updated_at] => 2025-11-26 14:58:05.066412
                                )

                        )

                )

        )

    [user] => Array
        (
            [id_no] => 2025-01-60001
            [fname] => Cyril
            [mname] => F
            [lname] => Pastor
            [role_id] => 7
            [role_name] => Professor
            [department_id] => 1
            [department_short_name] => CCS
            [department_name] => College of Information Technology and Computer Science
            [department_is_college] => 1
            [college_id] => 1
            [college_short_name] => CCS
            [college_name] => College of Information Technology and Computer Science
            [program_id] => 
        )

)
